<?xml version="1.0" encoding="UTF-8"?>
<testsuite xmlns:xsi="http://www.w3.org/2001/XMLSchema-instance" xsi:noNamespaceSchemaLocation="https://maven.apache.org/surefire/maven-surefire-plugin/xsd/surefire-test-report.xsd" name="runners.Runner" time="37.546" tests="3" errors="1" skipped="0" failures="0">
  <properties>
[...]
</properties>
  <testcase name="Validate Login Form #1" classname="TechGlobal Training Functionalities" time="13.305">
    <error message="The error message is not defined properly in the feature file&#10;Build info: version: &apos;3.141.59&apos;, revision: &apos;e82be7d358&apos;, time: &apos;2018-11-14T08:17:03&apos;&#10;System info: host: &apos;Buraks-MBP.attlocal.net&apos;, ip: &apos;2600:1700:3051:4f00:0:0:0:3a%en0&apos;, os.name: &apos;Mac OS X&apos;, os.arch: &apos;x86_64&apos;, os.version: &apos;13.2&apos;, java.version: &apos;1.8.0_361&apos;&#10;Driver info: driver.version: unknown" type="org.openqa.selenium.NotFoundException">org.openqa.selenium.NotFoundException: 
The error message is not defined properly in the feature file
Build info: version: '3.141.59', revision: 'e82be7d358', time: '2018-11-14T08:17:03'
System info: host: 'Buraks-MBP.attlocal.net', ip: '2600:1700:3051:4f00:0:0:0:3a%en0', os.name: 'Mac OS X', os.arch: 'x86_64', os.version: '13.2', java.version: '1.8.0_361'
Driver info: driver.version: unknown
</error>
    <system-out><![CDATA[
@Regression @Login
Scenario Outline: Validate Login Form                                &amp#27;[90m# src/test/resources/features/TechGlobal.feature:18&amp#27;[0m
  &amp#27;[32mGiven &amp#27;[0m&amp#27;[32muser navigates to &amp#27;[0m&amp#27;[32m&amp#27;[1m"https://techglobal-training.com/frontend"&amp#27;[0m &amp#27;[90m# steps.BaseSteps.userNavigatesTo(java.lang.String)&amp#27;[0m
  &amp#27;[32mAnd &amp#27;[0m&amp#27;[32muser selects the &amp#27;[0m&amp#27;[32m&amp#27;[1m"Login Form"&amp#27;[0m&amp#27;[32m option&amp#27;[0m                           &amp#27;[90m# steps.TechGlobalSteps.user_selects_the_option(java.lang.String)&amp#27;[0m
  &amp#27;[32mThen &amp#27;[0m&amp#27;[32muser should see &amp#27;[0m&amp#27;[32m&amp#27;[1m"Login Form"&amp#27;[0m&amp#27;[32m heading&amp#27;[0m                          &amp#27;[90m# steps.TechGlobalSteps.user_should_see_heading(java.lang.String)&amp#27;[0m
  &amp#27;[32mWhen &amp#27;[0m&amp#27;[32muser enters username as &amp#27;[0m&amp#27;[32m&amp#27;[1m"johndoe"&amp#27;[0m&amp#27;[32m and password as &amp#27;[0m&amp#27;[32m&amp#27;[1m"123456"&amp#27;[0m    &amp#27;[90m# steps.TechGlobalSteps.user_enters_username_as_and_password_as(java.lang.String,java.lang.String)&amp#27;[0m
  &amp#27;[31mThen &amp#27;[0m&amp#27;[31muser should see a &amp#27;[0m&amp#27;[31m&amp#27;[1m"Invalid Username entered!!"&amp#27;[0m&amp#27;[31m message&amp#27;[0m        &amp#27;[90m# steps.TechGlobalSteps.user_should_see_a_message(java.lang.String)&amp#27;[0m
      &amp#27;[31morg.openqa.selenium.NotFoundException: The error message is not defined properly in the feature file
Build info: version: '3.141.59', revision: 'e82be7d358', time: '2018-11-14T08:17:03'
System info: host: 'Buraks-MBP.attlocal.net', ip: '2600:1700:3051:4f00:0:0:0:3a%en0', os.name: 'Mac OS X', os.arch: 'x86_64', os.version: '13.2', java.version: '1.8.0_361'
Driver info: driver.version: unknown
	at steps.TechGlobalSteps.user_should_see_a_message(TechGlobalSteps.java:60)
	at ✽.user should see a "Invalid Username entered!!" message(file:///Users/buraksimsek/IdeaProjects/ui_automation_bdd_6/src/test/resources/features/TechGlobal.feature:14)
&amp#27;[0m
Scenario = Validate Login Form
Status = FAILED

    Embedding screenshot.png [image/png 152979 bytes]

]]></system-out>
    <system-err><![CDATA[SLF4J: Failed to load class "org.slf4j.impl.StaticLoggerBinder".
SLF4J: Defaulting to no-operation (NOP) logger implementation
SLF4J: See http://www.slf4j.org/codes.html#StaticLoggerBinder for further details.
Starting ChromeDriver 114.0.5735.90 (386bc09e8f4f2e025eddae123f36f6263096ae49-refs/branch-heads/5735@{#1052}) on port 3033
Only local connections are allowed.
Please see https://chromedriver.chromium.org/security-considerations for suggestions on keeping ChromeDriver safe.
ChromeDriver was started successfully.
Jun 17, 2023 1:58:05 PM org.openqa.selenium.remote.ProtocolHandshake createSession
INFO: Detected dialect: W3C
]]></system-err>
  </testcase>
  <testcase name="Validate Login Form #2" classname="TechGlobal Training Functionalities" time="11.672"/>
  <testcase name="Validate Login Form #3" classname="TechGlobal Training Functionalities" time="11.801"/>
</testsuite>